2023-08-06 06:24:46.073720 - Initialized conversion of CBT674
2023-08-06 06:24:46.222258 - Received CBT.V505.FILE674.PDS from FILE674.XMI 
2023-08-06 06:24:46.224705 - Found $$$#DATE.txt (text/plain) in CBT.V505.FILE674.PDS, moved to PDS/$$$#DATE
2023-08-06 06:24:46.225672 - Found $$INDEX.txt (text/plain) in CBT.V505.FILE674.PDS, moved to PDS/$$INDEX
2023-08-06 06:24:46.226894 - Found $HINTIPS.txt (text/plain) in CBT.V505.FILE674.PDS, moved to PDS/$HINTIPS
2023-08-06 06:24:46.227898 - Found $INTRO.txt (text/plain) in CBT.V505.FILE674.PDS, moved to PDS/$INTRO
2023-08-06 06:24:46.228876 - Found $RUNME.jcl (text/plain) in CBT.V505.FILE674.PDS, moved to PDS/$RUNME
2023-08-06 06:24:46.229803 - Found @FILE674.txt (text/plain) in CBT.V505.FILE674.PDS, moved to PDS/@FILE674
2023-08-06 06:24:46.258346 - Found DTLSOURC.xmi (application/xmit) in CBT.V505.FILE674.PDS
2023-08-06 06:24:46.265506   - Received to CBT674/ISPPLIB.DTLSOURC
2023-08-06 06:24:46.280041 - Found DUMPDTL.xmi (application/xmit) in CBT.V505.FILE674.PDS
2023-08-06 06:24:46.287924   - Received to CBT674/ISPPLIB.DTLSOURC
2023-08-06 06:24:46.532707 - Found DUMPEXEC.xmi (application/xmit) in CBT.V505.FILE674.PDS
2023-08-06 06:24:46.574038   - Received to CBT674/SVCDUMPS.SYSEXEC
2023-08-06 06:24:46.589755 - Found DUMPMLIB.xmi (application/xmit) in CBT.V505.FILE674.PDS
2023-08-06 06:24:46.595178   - Received to CBT674/SVCDUMPS.ISPMLIB
2023-08-06 06:24:46.608670 - Found DUMPPLIB.xmi (application/xmit) in CBT.V505.FILE674.PDS
2023-08-06 06:24:46.616736   - Received to CBT674/SVCDUMPS.ISPPLIB
2023-08-06 06:24:46.656830 - Found DUMPSLIB.xmi (application/xmit) in CBT.V505.FILE674.PDS
2023-08-06 06:24:46.668805   - Received to CBT674/SVCDUMPS.ISPSLIB
2023-08-06 06:24:46.683984 - Found ISPMLIB.xmi (application/xmit) in CBT.V505.FILE674.PDS
2023-08-06 06:24:46.689538   - Received to CBT674/TSO.ISPMLIB
2023-08-06 06:24:46.714747 - Found ISPPLIB.xmi (application/xmit) in CBT.V505.FILE674.PDS
2023-08-06 06:24:46.730502   - Received to CBT674/TSO.ISPPLIB
2023-08-06 06:24:46.742552 - Found ISPTLIB.xmi (application/xmit) in CBT.V505.FILE674.PDS
2023-08-06 06:24:46.749586   - Received to CBT674/TSO.ISPTLIB
2023-08-06 06:24:46.795821 - Found LOGON.xmi (application/xmit) in CBT.V505.FILE674.PDS
2023-08-06 06:24:46.804473   - Received to CBT674/TSO.LOGON
2023-08-06 06:24:46.860952 - Found LPARM.xmi (application/xmit) in CBT.V505.FILE674.PDS
2023-08-06 06:24:46.876807   - Received to CBT674/LOGON.PARMLIB
2023-08-06 06:24:46.898554 - Found PARMLIB.xmi (application/xmit) in CBT.V505.FILE674.PDS
2023-08-06 06:24:46.905723   - Received to CBT674/TSO.PARMLIB
2023-08-06 06:24:46.906795 - Found RECBATCH.rexx (text/plain) in CBT.V505.FILE674.PDS, moved to PDS/RECBATCH
2023-08-06 06:24:46.996802 - Found SAMPLIB.xmi (application/xmit) in CBT.V505.FILE674.PDS
2023-08-06 06:24:47.016445   - Received to CBT674/TSO.SAMPLIB
2023-08-06 06:24:47.349159 - Found SYSEXEC.xmi (application/xmit) in CBT.V505.FILE674.PDS
2023-08-06 06:24:47.392012   - Received to CBT674/TSO.SYSEXEC
